The system is: Linux - 3.10.0-957.12.2.el7.x86_64 - x86_64
Compiling the C compiler identification source file "CMakeCCompilerId.c" succeeded.
Compiler: /afs/crc.nd.edu/user/s/szhu3/loonlocal_intel/linuxbrew/bin/cc 
Build flags: 
Id flags:  

The output was:
0


Compilation of the C compiler identification source "CMakeCCompilerId.c" produced "a.out"

The C compiler identification is GNU, found in "/afs/crc.nd.edu/user/s/szhu3/Private/github/UTbioinf/SMSC/build/CMakeFiles/3.11.1/CompilerIdC/a.out"

Compiling the CXX compiler identification source file "CMakeCXXCompilerId.cpp" succeeded.
Compiler: /afs/crc.nd.edu/user/s/szhu3/loonlocal_intel/linuxbrew/bin/c++ 
Build flags: 
Id flags:  

The output was:
0


Compilation of the CXX compiler identification source "CMakeCXXCompilerId.cpp" produced "a.out"

The CXX compiler identification is GNU, found in "/afs/crc.nd.edu/user/s/szhu3/Private/github/UTbioinf/SMSC/build/CMakeFiles/3.11.1/CompilerIdCXX/a.out"

Determining if the C compiler works passed with the following output:
Change Dir: /afs/crc.nd.edu/user/s/szhu3/Private/github/UTbioinf/SMSC/build/CMakeFiles/CMakeTmp

Run Build Command:"/usr/bin/gmake" "cmTC_65dc9/fast"
/usr/bin/gmake -f CMakeFiles/cmTC_65dc9.dir/build.make CMakeFiles/cmTC_65dc9.dir/build
gmake[1]: Entering directory `/afs/crc.nd.edu/user/s/szhu3/Private/github/UTbioinf/SMSC/build/CMakeFiles/CMakeTmp'
Building C object CMakeFiles/cmTC_65dc9.dir/testCCompiler.c.o
/afs/crc.nd.edu/user/s/szhu3/loonlocal_intel/linuxbrew/bin/cc    -o CMakeFiles/cmTC_65dc9.dir/testCCompiler.c.o   -c /afs/crc.nd.edu/user/s/szhu3/Private/github/UTbioinf/SMSC/build/CMakeFiles/CMakeTmp/testCCompiler.c
Linking C executable cmTC_65dc9
/afs/crc.nd.edu/user/s/szhu3/loonlocal_intel/linuxbrew/Cellar/cmake/3.11.1/bin/cmake -E cmake_link_script CMakeFiles/cmTC_65dc9.dir/link.txt --verbose=1
/afs/crc.nd.edu/user/s/szhu3/loonlocal_intel/linuxbrew/bin/cc      CMakeFiles/cmTC_65dc9.dir/testCCompiler.c.o  -o cmTC_65dc9 
gmake[1]: Leaving directory `/afs/crc.nd.edu/user/s/szhu3/Private/github/UTbioinf/SMSC/build/CMakeFiles/CMakeTmp'


Detecting C compiler ABI info compiled with the following output:
Change Dir: /afs/crc.nd.edu/user/s/szhu3/Private/github/UTbioinf/SMSC/build/CMakeFiles/CMakeTmp

Run Build Command:"/usr/bin/gmake" "cmTC_e2f55/fast"
/usr/bin/gmake -f CMakeFiles/cmTC_e2f55.dir/build.make CMakeFiles/cmTC_e2f55.dir/build
gmake[1]: Entering directory `/afs/crc.nd.edu/user/s/szhu3/Private/github/UTbioinf/SMSC/build/CMakeFiles/CMakeTmp'
Building C object CMakeFiles/cmTC_e2f55.dir/CMakeCCompilerABI.c.o
/afs/crc.nd.edu/user/s/szhu3/loonlocal_intel/linuxbrew/bin/cc    -o CMakeFiles/cmTC_e2f55.dir/CMakeCCompilerABI.c.o   -c /afs/crc.nd.edu/user/s/szhu3/loonlocal_intel/linuxbrew/Cellar/cmake/3.11.1/share/cmake/Modules/CMakeCCompilerABI.c
Linking C executable cmTC_e2f55
/afs/crc.nd.edu/user/s/szhu3/loonlocal_intel/linuxbrew/Cellar/cmake/3.11.1/bin/cmake -E cmake_link_script CMakeFiles/cmTC_e2f55.dir/link.txt --verbose=1
/afs/crc.nd.edu/user/s/szhu3/loonlocal_intel/linuxbrew/bin/cc     -v CMakeFiles/cmTC_e2f55.dir/CMakeCCompilerABI.c.o  -o cmTC_e2f55 
Reading specs from /afs/crc.nd.edu/user/s/szhu3/loonlocal_intel/linuxbrew/Cellar/gcc/5.5.0_4/bin/../lib/gcc/x86_64-unknown-linux-gnu/5.5.0/specs
COLLECT_GCC=/afs/crc.nd.edu/user/s/szhu3/loonlocal_intel/linuxbrew/bin/cc
COLLECT_LTO_WRAPPER=/afs/crc.nd.edu/user/s/szhu3/loonlocal_intel/linuxbrew/Cellar/gcc/5.5.0_4/bin/../libexec/gcc/x86_64-unknown-linux-gnu/5.5.0/lto-wrapper
Target: x86_64-unknown-linux-gnu
Configured with: ../configure --with-isl=/home/linuxbrew/.linuxbrew/opt/isl@0.18 --with-bugurl=https://github.com/Linuxbrew/homebrew-core/issues --prefix=/home/linuxbrew/.linuxbrew/Cellar/gcc/5.5.0_4 --enable-languages=c,c++,objc,obj-c++,fortran --program-suffix=-5 --with-gmp=/home/linuxbrew/.linuxbrew/opt/gmp --with-mpfr=/home/linuxbrew/.linuxbrew/opt/mpfr --with-mpc=/home/linuxbrew/.linuxbrew/opt/libmpc --enable-stage1-checking --enable-checking=release --enable-lto --with-build-config=bootstrap-debug --disable-werror --with-pkgversion='Homebrew gcc 5.5.0_4' --with-boot-ldflags='-static-libstdc++ -static-libgcc ' --disable-nls --disable-multilib
Thread model: posix
gcc version 5.5.0 (Homebrew gcc 5.5.0_4) 
COMPILER_PATH=/afs/crc.nd.edu/user/s/szhu3/loonlocal_intel/linuxbrew/Cellar/gcc/5.5.0_4/bin/../libexec/gcc/x86_64-unknown-linux-gnu/5.5.0/:/afs/crc.nd.edu/user/s/szhu3/loonlocal_intel/linuxbrew/Cellar/gcc/5.5.0_4/bin/../libexec/gcc/
LIBRARY_PATH=/afs/crc.nd.edu/user/s/szhu3/loonlocal_intel/linuxbrew/Cellar/gcc/5.5.0_4/bin/../lib/gcc/x86_64-unknown-linux-gnu/5.5.0/:/afs/crc.nd.edu/user/s/szhu3/loonlocal_intel/linuxbrew/Cellar/gcc/5.5.0_4/bin/../lib/gcc/:/afs/crc.nd.edu/user/s/szhu3/loonlocal_intel/linuxbrew/Cellar/gcc/5.5.0_4/bin/../lib/gcc/x86_64-unknown-linux-gnu/5.5.0/../../../:/lib/:/usr/lib/
COLLECT_GCC_OPTIONS='-v' '-o' 'cmTC_e2f55' '-mtune=generic' '-march=x86-64'
 /afs/crc.nd.edu/user/s/szhu3/loonlocal_intel/linuxbrew/Cellar/gcc/5.5.0_4/bin/../libexec/gcc/x86_64-unknown-linux-gnu/5.5.0/collect2 -plugin /afs/crc.nd.edu/user/s/szhu3/loonlocal_intel/linuxbrew/Cellar/gcc/5.5.0_4/bin/../libexec/gcc/x86_64-unknown-linux-gnu/5.5.0/liblto_plugin.so -plugin-opt=/afs/crc.nd.edu/user/s/szhu3/loonlocal_intel/linuxbrew/Cellar/gcc/5.5.0_4/bin/../libexec/gcc/x86_64-unknown-linux-gnu/5.5.0/lto-wrapper -plugin-opt=-fresolution=/tmp/ccz1phH2.res -plugin-opt=-pass-through=-lgcc -plugin-opt=-pass-through=-lgcc_s -plugin-opt=-pass-through=-lc -plugin-opt=-pass-through=-lgcc -plugin-opt=-pass-through=-lgcc_s --eh-frame-hdr -m elf_x86_64 -dynamic-linker /lib64/ld-linux-x86-64.so.2 --dynamic-linker /afs/crc.nd.edu/user/s/szhu3/loonlocal_intel/linuxbrew/lib/ld.so -rpath /afs/crc.nd.edu/user/s/szhu3/loonlocal_intel/linuxbrew/lib -o cmTC_e2f55 /afs/crc.nd.edu/user/s/szhu3/loonlocal_intel/linuxbrew/Cellar/gcc/5.5.0_4/bin/../lib/gcc/x86_64-unknown-linux-gnu/5.5.0/crt1.o /afs/crc.nd.edu/user/s/szhu3/loonlocal_intel/linuxbrew/Cellar/gcc/5.5.0_4/bin/../lib/gcc/x86_64-unknown-linux-gnu/5.5.0/crti.o /afs/crc.nd.edu/user/s/szhu3/loonlocal_intel/linuxbrew/Cellar/gcc/5.5.0_4/bin/../lib/gcc/x86_64-unknown-linux-gnu/5.5.0/crtbegin.o -nostdlib -L/afs/crc.nd.edu/user/s/szhu3/loonlocal_intel/linuxbrew/Cellar/gcc/5.5.0_4/bin/../lib/gcc/x86_64-unknown-linux-gnu/5.5.0 -L/afs/crc.nd.edu/user/s/szhu3/loonlocal_intel/linuxbrew/lib CMakeFiles/cmTC_e2f55.dir/CMakeCCompilerABI.c.o -lgcc --as-needed -lgcc_s --no-as-needed -lc -lgcc --as-needed -lgcc_s --no-as-needed /afs/crc.nd.edu/user/s/szhu3/loonlocal_intel/linuxbrew/Cellar/gcc/5.5.0_4/bin/../lib/gcc/x86_64-unknown-linux-gnu/5.5.0/crtend.o /afs/crc.nd.edu/user/s/szhu3/loonlocal_intel/linuxbrew/Cellar/gcc/5.5.0_4/bin/../lib/gcc/x86_64-unknown-linux-gnu/5.5.0/crtn.o
gmake[1]: Leaving directory `/afs/crc.nd.edu/user/s/szhu3/Private/github/UTbioinf/SMSC/build/CMakeFiles/CMakeTmp'


Parsed C implicit link information from above output:
  link line regex: [^( *|.*[/\])(ld|CMAKE_LINK_STARTFILE-NOTFOUND|([^/\]+-)?ld|collect2)[^/\]*( |$)]
  ignore line: [Change Dir: /afs/crc.nd.edu/user/s/szhu3/Private/github/UTbioinf/SMSC/build/CMakeFiles/CMakeTmp]
  ignore line: []
  ignore line: [Run Build Command:"/usr/bin/gmake" "cmTC_e2f55/fast"]
  ignore line: [/usr/bin/gmake -f CMakeFiles/cmTC_e2f55.dir/build.make CMakeFiles/cmTC_e2f55.dir/build]
  ignore line: [gmake[1]: Entering directory `/afs/crc.nd.edu/user/s/szhu3/Private/github/UTbioinf/SMSC/build/CMakeFiles/CMakeTmp']
  ignore line: [Building C object CMakeFiles/cmTC_e2f55.dir/CMakeCCompilerABI.c.o]
  ignore line: [/afs/crc.nd.edu/user/s/szhu3/loonlocal_intel/linuxbrew/bin/cc    -o CMakeFiles/cmTC_e2f55.dir/CMakeCCompilerABI.c.o   -c /afs/crc.nd.edu/user/s/szhu3/loonlocal_intel/linuxbrew/Cellar/cmake/3.11.1/share/cmake/Modules/CMakeCCompilerABI.c]
  ignore line: [Linking C executable cmTC_e2f55]
  ignore line: [/afs/crc.nd.edu/user/s/szhu3/loonlocal_intel/linuxbrew/Cellar/cmake/3.11.1/bin/cmake -E cmake_link_script CMakeFiles/cmTC_e2f55.dir/link.txt --verbose=1]
  ignore line: [/afs/crc.nd.edu/user/s/szhu3/loonlocal_intel/linuxbrew/bin/cc     -v CMakeFiles/cmTC_e2f55.dir/CMakeCCompilerABI.c.o  -o cmTC_e2f55 ]
  ignore line: [Reading specs from /afs/crc.nd.edu/user/s/szhu3/loonlocal_intel/linuxbrew/Cellar/gcc/5.5.0_4/bin/../lib/gcc/x86_64-unknown-linux-gnu/5.5.0/specs]
  ignore line: [COLLECT_GCC=/afs/crc.nd.edu/user/s/szhu3/loonlocal_intel/linuxbrew/bin/cc]
  ignore line: [COLLECT_LTO_WRAPPER=/afs/crc.nd.edu/user/s/szhu3/loonlocal_intel/linuxbrew/Cellar/gcc/5.5.0_4/bin/../libexec/gcc/x86_64-unknown-linux-gnu/5.5.0/lto-wrapper]
  ignore line: [Target: x86_64-unknown-linux-gnu]
  ignore line: [Configured with: ../configure --with-isl=/home/linuxbrew/.linuxbrew/opt/isl@0.18 --with-bugurl=https://github.com/Linuxbrew/homebrew-core/issues --prefix=/home/linuxbrew/.linuxbrew/Cellar/gcc/5.5.0_4 --enable-languages=c,c++,objc,obj-c++,fortran --program-suffix=-5 --with-gmp=/home/linuxbrew/.linuxbrew/opt/gmp --with-mpfr=/home/linuxbrew/.linuxbrew/opt/mpfr --with-mpc=/home/linuxbrew/.linuxbrew/opt/libmpc --enable-stage1-checking --enable-checking=release --enable-lto --with-build-config=bootstrap-debug --disable-werror --with-pkgversion='Homebrew gcc 5.5.0_4' --with-boot-ldflags='-static-libstdc++ -static-libgcc ' --disable-nls --disable-multilib]
  ignore line: [Thread model: posix]
  ignore line: [gcc version 5.5.0 (Homebrew gcc 5.5.0_4) ]
  ignore line: [COMPILER_PATH=/afs/crc.nd.edu/user/s/szhu3/loonlocal_intel/linuxbrew/Cellar/gcc/5.5.0_4/bin/../libexec/gcc/x86_64-unknown-linux-gnu/5.5.0/:/afs/crc.nd.edu/user/s/szhu3/loonlocal_intel/linuxbrew/Cellar/gcc/5.5.0_4/bin/../libexec/gcc/]
  ignore line: [LIBRARY_PATH=/afs/crc.nd.edu/user/s/szhu3/loonlocal_intel/linuxbrew/Cellar/gcc/5.5.0_4/bin/../lib/gcc/x86_64-unknown-linux-gnu/5.5.0/:/afs/crc.nd.edu/user/s/szhu3/loonlocal_intel/linuxbrew/Cellar/gcc/5.5.0_4/bin/../lib/gcc/:/afs/crc.nd.edu/user/s/szhu3/loonlocal_intel/linuxbrew/Cellar/gcc/5.5.0_4/bin/../lib/gcc/x86_64-unknown-linux-gnu/5.5.0/../../../:/lib/:/usr/lib/]
  ignore line: [COLLECT_GCC_OPTIONS='-v' '-o' 'cmTC_e2f55' '-mtune=generic' '-march=x86-64']
  link line: [ /afs/crc.nd.edu/user/s/szhu3/loonlocal_intel/linuxbrew/Cellar/gcc/5.5.0_4/bin/../libexec/gcc/x86_64-unknown-linux-gnu/5.5.0/collect2 -plugin /afs/crc.nd.edu/user/s/szhu3/loonlocal_intel/linuxbrew/Cellar/gcc/5.5.0_4/bin/../libexec/gcc/x86_64-unknown-linux-gnu/5.5.0/liblto_plugin.so -plugin-opt=/afs/crc.nd.edu/user/s/szhu3/loonlocal_intel/linuxbrew/Cellar/gcc/5.5.0_4/bin/../libexec/gcc/x86_64-unknown-linux-gnu/5.5.0/lto-wrapper -plugin-opt=-fresolution=/tmp/ccz1phH2.res -plugin-opt=-pass-through=-lgcc -plugin-opt=-pass-through=-lgcc_s -plugin-opt=-pass-through=-lc -plugin-opt=-pass-through=-lgcc -plugin-opt=-pass-through=-lgcc_s --eh-frame-hdr -m elf_x86_64 -dynamic-linker /lib64/ld-linux-x86-64.so.2 --dynamic-linker /afs/crc.nd.edu/user/s/szhu3/loonlocal_intel/linuxbrew/lib/ld.so -rpath /afs/crc.nd.edu/user/s/szhu3/loonlocal_intel/linuxbrew/lib -o cmTC_e2f55 /afs/crc.nd.edu/user/s/szhu3/loonlocal_intel/linuxbrew/Cellar/gcc/5.5.0_4/bin/../lib/gcc/x86_64-unknown-linux-gnu/5.5.0/crt1.o /afs/crc.nd.edu/user/s/szhu3/loonlocal_intel/linuxbrew/Cellar/gcc/5.5.0_4/bin/../lib/gcc/x86_64-unknown-linux-gnu/5.5.0/crti.o /afs/crc.nd.edu/user/s/szhu3/loonlocal_intel/linuxbrew/Cellar/gcc/5.5.0_4/bin/../lib/gcc/x86_64-unknown-linux-gnu/5.5.0/crtbegin.o -nostdlib -L/afs/crc.nd.edu/user/s/szhu3/loonlocal_intel/linuxbrew/Cellar/gcc/5.5.0_4/bin/../lib/gcc/x86_64-unknown-linux-gnu/5.5.0 -L/afs/crc.nd.edu/user/s/szhu3/loonlocal_intel/linuxbrew/lib CMakeFiles/cmTC_e2f55.dir/CMakeCCompilerABI.c.o -lgcc --as-needed -lgcc_s --no-as-needed -lc -lgcc --as-needed -lgcc_s --no-as-needed /afs/crc.nd.edu/user/s/szhu3/loonlocal_intel/linuxbrew/Cellar/gcc/5.5.0_4/bin/../lib/gcc/x86_64-unknown-linux-gnu/5.5.0/crtend.o /afs/crc.nd.edu/user/s/szhu3/loonlocal_intel/linuxbrew/Cellar/gcc/5.5.0_4/bin/../lib/gcc/x86_64-unknown-linux-gnu/5.5.0/crtn.o]
    arg [/afs/crc.nd.edu/user/s/szhu3/loonlocal_intel/linuxbrew/Cellar/gcc/5.5.0_4/bin/../libexec/gcc/x86_64-unknown-linux-gnu/5.5.0/collect2] ==> ignore
    arg [-plugin] ==> ignore
    arg [/afs/crc.nd.edu/user/s/szhu3/loonlocal_intel/linuxbrew/Cellar/gcc/5.5.0_4/bin/../libexec/gcc/x86_64-unknown-linux-gnu/5.5.0/liblto_plugin.so] ==> ignore
    arg [-plugin-opt=/afs/crc.nd.edu/user/s/szhu3/loonlocal_intel/linuxbrew/Cellar/gcc/5.5.0_4/bin/../libexec/gcc/x86_64-unknown-linux-gnu/5.5.0/lto-wrapper] ==> ignore
    arg [-plugin-opt=-fresolution=/tmp/ccz1phH2.res] ==> ignore
    arg [-plugin-opt=-pass-through=-lgcc] ==> ignore
    arg [-plugin-opt=-pass-through=-lgcc_s] ==> ignore
    arg [-plugin-opt=-pass-through=-lc] ==> ignore
    arg [-plugin-opt=-pass-through=-lgcc] ==> ignore
    arg [-plugin-opt=-pass-through=-lgcc_s] ==> ignore
    arg [--eh-frame-hdr] ==> ignore
    arg [-m] ==> ignore
    arg [elf_x86_64] ==> ignore
    arg [-dynamic-linker] ==> ignore
    arg [/lib64/ld-linux-x86-64.so.2] ==> ignore
    arg [--dynamic-linker] ==> ignore
    arg [/afs/crc.nd.edu/user/s/szhu3/loonlocal_intel/linuxbrew/lib/ld.so] ==> ignore
    arg [-rpath] ==> ignore
    arg [/afs/crc.nd.edu/user/s/szhu3/loonlocal_intel/linuxbrew/lib] ==> ignore
    arg [-o] ==> ignore
    arg [cmTC_e2f55] ==> ignore
    arg [/afs/crc.nd.edu/user/s/szhu3/loonlocal_intel/linuxbrew/Cellar/gcc/5.5.0_4/bin/../lib/gcc/x86_64-unknown-linux-gnu/5.5.0/crt1.o] ==> ignore
    arg [/afs/crc.nd.edu/user/s/szhu3/loonlocal_intel/linuxbrew/Cellar/gcc/5.5.0_4/bin/../lib/gcc/x86_64-unknown-linux-gnu/5.5.0/crti.o] ==> ignore
    arg [/afs/crc.nd.edu/user/s/szhu3/loonlocal_intel/linuxbrew/Cellar/gcc/5.5.0_4/bin/../lib/gcc/x86_64-unknown-linux-gnu/5.5.0/crtbegin.o] ==> ignore
    arg [-nostdlib] ==> ignore
    arg [-L/afs/crc.nd.edu/user/s/szhu3/loonlocal_intel/linuxbrew/Cellar/gcc/5.5.0_4/bin/../lib/gcc/x86_64-unknown-linux-gnu/5.5.0] ==> dir [/afs/crc.nd.edu/user/s/szhu3/loonlocal_intel/linuxbrew/Cellar/gcc/5.5.0_4/bin/../lib/gcc/x86_64-unknown-linux-gnu/5.5.0]
    arg [-L/afs/crc.nd.edu/user/s/szhu3/loonlocal_intel/linuxbrew/lib] ==> dir [/afs/crc.nd.edu/user/s/szhu3/loonlocal_intel/linuxbrew/lib]
    arg [CMakeFiles/cmTC_e2f55.dir/CMakeCCompilerABI.c.o] ==> ignore
    arg [-lgcc] ==> lib [gcc]
    arg [--as-needed] ==> ignore
    arg [-lgcc_s] ==> lib [gcc_s]
    arg [--no-as-needed] ==> ignore
    arg [-lc] ==> lib [c]
    arg [-lgcc] ==> lib [gcc]
    arg [--as-needed] ==> ignore
    arg [-lgcc_s] ==> lib [gcc_s]
    arg [--no-as-needed] ==> ignore
    arg [/afs/crc.nd.edu/user/s/szhu3/loonlocal_intel/linuxbrew/Cellar/gcc/5.5.0_4/bin/../lib/gcc/x86_64-unknown-linux-gnu/5.5.0/crtend.o] ==> ignore
    arg [/afs/crc.nd.edu/user/s/szhu3/loonlocal_intel/linuxbrew/Cellar/gcc/5.5.0_4/bin/../lib/gcc/x86_64-unknown-linux-gnu/5.5.0/crtn.o] ==> ignore
  collapse library dir [/afs/crc.nd.edu/user/s/szhu3/loonlocal_intel/linuxbrew/Cellar/gcc/5.5.0_4/bin/../lib/gcc/x86_64-unknown-linux-gnu/5.5.0] ==> [/afs/crc.nd.edu/user/s/szhu3/loonlocal_intel/linuxbrew/Cellar/gcc/5.5.0_4/lib/gcc/x86_64-unknown-linux-gnu/5.5.0]
  collapse library dir [/afs/crc.nd.edu/user/s/szhu3/loonlocal_intel/linuxbrew/lib] ==> [/afs/crc.nd.edu/user/s/szhu3/loonlocal_intel/linuxbrew/lib]
  implicit libs: [gcc;gcc_s;c;gcc;gcc_s]
  implicit dirs: [/afs/crc.nd.edu/user/s/szhu3/loonlocal_intel/linuxbrew/Cellar/gcc/5.5.0_4/lib/gcc/x86_64-unknown-linux-gnu/5.5.0;/afs/crc.nd.edu/user/s/szhu3/loonlocal_intel/linuxbrew/lib]
  implicit fwks: []




Detecting C [-std=c11] compiler features compiled with the following output:
Change Dir: /afs/crc.nd.edu/user/s/szhu3/Private/github/UTbioinf/SMSC/build/CMakeFiles/CMakeTmp

Run Build Command:"/usr/bin/gmake" "cmTC_3cc52/fast"
/usr/bin/gmake -f CMakeFiles/cmTC_3cc52.dir/build.make CMakeFiles/cmTC_3cc52.dir/build
gmake[1]: Entering directory `/afs/crc.nd.edu/user/s/szhu3/Private/github/UTbioinf/SMSC/build/CMakeFiles/CMakeTmp'
Building C object CMakeFiles/cmTC_3cc52.dir/feature_tests.c.o
/afs/crc.nd.edu/user/s/szhu3/loonlocal_intel/linuxbrew/bin/cc   -std=c11 -o CMakeFiles/cmTC_3cc52.dir/feature_tests.c.o   -c /afs/crc.nd.edu/user/s/szhu3/Private/github/UTbioinf/SMSC/build/CMakeFiles/feature_tests.c
Linking C executable cmTC_3cc52
/afs/crc.nd.edu/user/s/szhu3/loonlocal_intel/linuxbrew/Cellar/cmake/3.11.1/bin/cmake -E cmake_link_script CMakeFiles/cmTC_3cc52.dir/link.txt --verbose=1
/afs/crc.nd.edu/user/s/szhu3/loonlocal_intel/linuxbrew/bin/cc      CMakeFiles/cmTC_3cc52.dir/feature_tests.c.o  -o cmTC_3cc52 
gmake[1]: Leaving directory `/afs/crc.nd.edu/user/s/szhu3/Private/github/UTbioinf/SMSC/build/CMakeFiles/CMakeTmp'


    Feature record: C_FEATURE:1c_function_prototypes
    Feature record: C_FEATURE:1c_restrict
    Feature record: C_FEATURE:1c_static_assert
    Feature record: C_FEATURE:1c_variadic_macros


Detecting C [-std=c99] compiler features compiled with the following output:
Change Dir: /afs/crc.nd.edu/user/s/szhu3/Private/github/UTbioinf/SMSC/build/CMakeFiles/CMakeTmp

Run Build Command:"/usr/bin/gmake" "cmTC_a8b47/fast"
/usr/bin/gmake -f CMakeFiles/cmTC_a8b47.dir/build.make CMakeFiles/cmTC_a8b47.dir/build
gmake[1]: Entering directory `/afs/crc.nd.edu/user/s/szhu3/Private/github/UTbioinf/SMSC/build/CMakeFiles/CMakeTmp'
Building C object CMakeFiles/cmTC_a8b47.dir/feature_tests.c.o
/afs/crc.nd.edu/user/s/szhu3/loonlocal_intel/linuxbrew/bin/cc   -std=c99 -o CMakeFiles/cmTC_a8b47.dir/feature_tests.c.o   -c /afs/crc.nd.edu/user/s/szhu3/Private/github/UTbioinf/SMSC/build/CMakeFiles/feature_tests.c
Linking C executable cmTC_a8b47
/afs/crc.nd.edu/user/s/szhu3/loonlocal_intel/linuxbrew/Cellar/cmake/3.11.1/bin/cmake -E cmake_link_script CMakeFiles/cmTC_a8b47.dir/link.txt --verbose=1
/afs/crc.nd.edu/user/s/szhu3/loonlocal_intel/linuxbrew/bin/cc      CMakeFiles/cmTC_a8b47.dir/feature_tests.c.o  -o cmTC_a8b47 
gmake[1]: Leaving directory `/afs/crc.nd.edu/user/s/szhu3/Private/github/UTbioinf/SMSC/build/CMakeFiles/CMakeTmp'


    Feature record: C_FEATURE:1c_function_prototypes
    Feature record: C_FEATURE:1c_restrict
    Feature record: C_FEATURE:0c_static_assert
    Feature record: C_FEATURE:1c_variadic_macros


Detecting C [-std=c90] compiler features compiled with the following output:
Change Dir: /afs/crc.nd.edu/user/s/szhu3/Private/github/UTbioinf/SMSC/build/CMakeFiles/CMakeTmp

Run Build Command:"/usr/bin/gmake" "cmTC_04712/fast"
/usr/bin/gmake -f CMakeFiles/cmTC_04712.dir/build.make CMakeFiles/cmTC_04712.dir/build
gmake[1]: Entering directory `/afs/crc.nd.edu/user/s/szhu3/Private/github/UTbioinf/SMSC/build/CMakeFiles/CMakeTmp'
Building C object CMakeFiles/cmTC_04712.dir/feature_tests.c.o
/afs/crc.nd.edu/user/s/szhu3/loonlocal_intel/linuxbrew/bin/cc   -std=c90 -o CMakeFiles/cmTC_04712.dir/feature_tests.c.o   -c /afs/crc.nd.edu/user/s/szhu3/Private/github/UTbioinf/SMSC/build/CMakeFiles/feature_tests.c
Linking C executable cmTC_04712
/afs/crc.nd.edu/user/s/szhu3/loonlocal_intel/linuxbrew/Cellar/cmake/3.11.1/bin/cmake -E cmake_link_script CMakeFiles/cmTC_04712.dir/link.txt --verbose=1
/afs/crc.nd.edu/user/s/szhu3/loonlocal_intel/linuxbrew/bin/cc      CMakeFiles/cmTC_04712.dir/feature_tests.c.o  -o cmTC_04712 
gmake[1]: Leaving directory `/afs/crc.nd.edu/user/s/szhu3/Private/github/UTbioinf/SMSC/build/CMakeFiles/CMakeTmp'


    Feature record: C_FEATURE:1c_function_prototypes
    Feature record: C_FEATURE:0c_restrict
    Feature record: C_FEATURE:0c_static_assert
    Feature record: C_FEATURE:0c_variadic_macros
Determining if the CXX compiler works passed with the following output:
Change Dir: /afs/crc.nd.edu/user/s/szhu3/Private/github/UTbioinf/SMSC/build/CMakeFiles/CMakeTmp

Run Build Command:"/usr/bin/gmake" "cmTC_c8d1b/fast"
/usr/bin/gmake -f CMakeFiles/cmTC_c8d1b.dir/build.make CMakeFiles/cmTC_c8d1b.dir/build
gmake[1]: Entering directory `/afs/crc.nd.edu/user/s/szhu3/Private/github/UTbioinf/SMSC/build/CMakeFiles/CMakeTmp'
Building CXX object CMakeFiles/cmTC_c8d1b.dir/testCXXCompiler.cxx.o
/afs/crc.nd.edu/user/s/szhu3/loonlocal_intel/linuxbrew/bin/c++     -o CMakeFiles/cmTC_c8d1b.dir/testCXXCompiler.cxx.o -c /afs/crc.nd.edu/user/s/szhu3/Private/github/UTbioinf/SMSC/build/CMakeFiles/CMakeTmp/testCXXCompiler.cxx
Linking CXX executable cmTC_c8d1b
/afs/crc.nd.edu/user/s/szhu3/loonlocal_intel/linuxbrew/Cellar/cmake/3.11.1/bin/cmake -E cmake_link_script CMakeFiles/cmTC_c8d1b.dir/link.txt --verbose=1
/afs/crc.nd.edu/user/s/szhu3/loonlocal_intel/linuxbrew/bin/c++       CMakeFiles/cmTC_c8d1b.dir/testCXXCompiler.cxx.o  -o cmTC_c8d1b 
gmake[1]: Leaving directory `/afs/crc.nd.edu/user/s/szhu3/Private/github/UTbioinf/SMSC/build/CMakeFiles/CMakeTmp'


Detecting CXX compiler ABI info compiled with the following output:
Change Dir: /afs/crc.nd.edu/user/s/szhu3/Private/github/UTbioinf/SMSC/build/CMakeFiles/CMakeTmp

Run Build Command:"/usr/bin/gmake" "cmTC_0cb72/fast"
/usr/bin/gmake -f CMakeFiles/cmTC_0cb72.dir/build.make CMakeFiles/cmTC_0cb72.dir/build
gmake[1]: Entering directory `/afs/crc.nd.edu/user/s/szhu3/Private/github/UTbioinf/SMSC/build/CMakeFiles/CMakeTmp'
Building CXX object CMakeFiles/cmTC_0cb72.dir/CMakeCXXCompilerABI.cpp.o
/afs/crc.nd.edu/user/s/szhu3/loonlocal_intel/linuxbrew/bin/c++     -o CMakeFiles/cmTC_0cb72.dir/CMakeCXXCompilerABI.cpp.o -c /afs/crc.nd.edu/user/s/szhu3/loonlocal_intel/linuxbrew/Cellar/cmake/3.11.1/share/cmake/Modules/CMakeCXXCompilerABI.cpp
Linking CXX executable cmTC_0cb72
/afs/crc.nd.edu/user/s/szhu3/loonlocal_intel/linuxbrew/Cellar/cmake/3.11.1/bin/cmake -E cmake_link_script CMakeFiles/cmTC_0cb72.dir/link.txt --verbose=1
/afs/crc.nd.edu/user/s/szhu3/loonlocal_intel/linuxbrew/bin/c++      -v CMakeFiles/cmTC_0cb72.dir/CMakeCXXCompilerABI.cpp.o  -o cmTC_0cb72 
Reading specs from /afs/crc.nd.edu/user/s/szhu3/loonlocal_intel/linuxbrew/Cellar/gcc/5.5.0_4/bin/../lib/gcc/x86_64-unknown-linux-gnu/5.5.0/specs
COLLECT_GCC=/afs/crc.nd.edu/user/s/szhu3/loonlocal_intel/linuxbrew/bin/c++
COLLECT_LTO_WRAPPER=/afs/crc.nd.edu/user/s/szhu3/loonlocal_intel/linuxbrew/Cellar/gcc/5.5.0_4/bin/../libexec/gcc/x86_64-unknown-linux-gnu/5.5.0/lto-wrapper
Target: x86_64-unknown-linux-gnu
Configured with: ../configure --with-isl=/home/linuxbrew/.linuxbrew/opt/isl@0.18 --with-bugurl=https://github.com/Linuxbrew/homebrew-core/issues --prefix=/home/linuxbrew/.linuxbrew/Cellar/gcc/5.5.0_4 --enable-languages=c,c++,objc,obj-c++,fortran --program-suffix=-5 --with-gmp=/home/linuxbrew/.linuxbrew/opt/gmp --with-mpfr=/home/linuxbrew/.linuxbrew/opt/mpfr --with-mpc=/home/linuxbrew/.linuxbrew/opt/libmpc --enable-stage1-checking --enable-checking=release --enable-lto --with-build-config=bootstrap-debug --disable-werror --with-pkgversion='Homebrew gcc 5.5.0_4' --with-boot-ldflags='-static-libstdc++ -static-libgcc ' --disable-nls --disable-multilib
Thread model: posix
gcc version 5.5.0 (Homebrew gcc 5.5.0_4) 
COMPILER_PATH=/afs/crc.nd.edu/user/s/szhu3/loonlocal_intel/linuxbrew/Cellar/gcc/5.5.0_4/bin/../libexec/gcc/x86_64-unknown-linux-gnu/5.5.0/:/afs/crc.nd.edu/user/s/szhu3/loonlocal_intel/linuxbrew/Cellar/gcc/5.5.0_4/bin/../libexec/gcc/
LIBRARY_PATH=/afs/crc.nd.edu/user/s/szhu3/loonlocal_intel/linuxbrew/Cellar/gcc/5.5.0_4/bin/../lib/gcc/x86_64-unknown-linux-gnu/5.5.0/:/afs/crc.nd.edu/user/s/szhu3/loonlocal_intel/linuxbrew/Cellar/gcc/5.5.0_4/bin/../lib/gcc/:/afs/crc.nd.edu/user/s/szhu3/loonlocal_intel/linuxbrew/Cellar/gcc/5.5.0_4/bin/../lib/gcc/x86_64-unknown-linux-gnu/5.5.0/../../../:/lib/:/usr/lib/
COLLECT_GCC_OPTIONS='-v' '-o' 'cmTC_0cb72' '-shared-libgcc' '-mtune=generic' '-march=x86-64'
 /afs/crc.nd.edu/user/s/szhu3/loonlocal_intel/linuxbrew/Cellar/gcc/5.5.0_4/bin/../libexec/gcc/x86_64-unknown-linux-gnu/5.5.0/collect2 -plugin /afs/crc.nd.edu/user/s/szhu3/loonlocal_intel/linuxbrew/Cellar/gcc/5.5.0_4/bin/../libexec/gcc/x86_64-unknown-linux-gnu/5.5.0/liblto_plugin.so -plugin-opt=/afs/crc.nd.edu/user/s/szhu3/loonlocal_intel/linuxbrew/Cellar/gcc/5.5.0_4/bin/../libexec/gcc/x86_64-unknown-linux-gnu/5.5.0/lto-wrapper -plugin-opt=-fresolution=/tmp/ccAJHvzb.res -plugin-opt=-pass-through=-lgcc_s -plugin-opt=-pass-through=-lgcc -plugin-opt=-pass-through=-lc -plugin-opt=-pass-through=-lgcc_s -plugin-opt=-pass-through=-lgcc --eh-frame-hdr -m elf_x86_64 -dynamic-linker /lib64/ld-linux-x86-64.so.2 --dynamic-linker /afs/crc.nd.edu/user/s/szhu3/loonlocal_intel/linuxbrew/lib/ld.so -rpath /afs/crc.nd.edu/user/s/szhu3/loonlocal_intel/linuxbrew/lib -o cmTC_0cb72 /afs/crc.nd.edu/user/s/szhu3/loonlocal_intel/linuxbrew/Cellar/gcc/5.5.0_4/bin/../lib/gcc/x86_64-unknown-linux-gnu/5.5.0/crt1.o /afs/crc.nd.edu/user/s/szhu3/loonlocal_intel/linuxbrew/Cellar/gcc/5.5.0_4/bin/../lib/gcc/x86_64-unknown-linux-gnu/5.5.0/crti.o /afs/crc.nd.edu/user/s/szhu3/loonlocal_intel/linuxbrew/Cellar/gcc/5.5.0_4/bin/../lib/gcc/x86_64-unknown-linux-gnu/5.5.0/crtbegin.o -nostdlib -L/afs/crc.nd.edu/user/s/szhu3/loonlocal_intel/linuxbrew/Cellar/gcc/5.5.0_4/bin/../lib/gcc/x86_64-unknown-linux-gnu/5.5.0 -L/afs/crc.nd.edu/user/s/szhu3/loonlocal_intel/linuxbrew/lib CMakeFiles/cmTC_0cb72.dir/CMakeCXXCompilerABI.cpp.o -lstdc++ -lm -lgcc_s -lgcc -lc -lgcc_s -lgcc /afs/crc.nd.edu/user/s/szhu3/loonlocal_intel/linuxbrew/Cellar/gcc/5.5.0_4/bin/../lib/gcc/x86_64-unknown-linux-gnu/5.5.0/crtend.o /afs/crc.nd.edu/user/s/szhu3/loonlocal_intel/linuxbrew/Cellar/gcc/5.5.0_4/bin/../lib/gcc/x86_64-unknown-linux-gnu/5.5.0/crtn.o
gmake[1]: Leaving directory `/afs/crc.nd.edu/user/s/szhu3/Private/github/UTbioinf/SMSC/build/CMakeFiles/CMakeTmp'


Parsed CXX implicit link information from above output:
  link line regex: [^( *|.*[/\])(ld|CMAKE_LINK_STARTFILE-NOTFOUND|([^/\]+-)?ld|collect2)[^/\]*( |$)]
  ignore line: [Change Dir: /afs/crc.nd.edu/user/s/szhu3/Private/github/UTbioinf/SMSC/build/CMakeFiles/CMakeTmp]
  ignore line: []
  ignore line: [Run Build Command:"/usr/bin/gmake" "cmTC_0cb72/fast"]
  ignore line: [/usr/bin/gmake -f CMakeFiles/cmTC_0cb72.dir/build.make CMakeFiles/cmTC_0cb72.dir/build]
  ignore line: [gmake[1]: Entering directory `/afs/crc.nd.edu/user/s/szhu3/Private/github/UTbioinf/SMSC/build/CMakeFiles/CMakeTmp']
  ignore line: [Building CXX object CMakeFiles/cmTC_0cb72.dir/CMakeCXXCompilerABI.cpp.o]
  ignore line: [/afs/crc.nd.edu/user/s/szhu3/loonlocal_intel/linuxbrew/bin/c++     -o CMakeFiles/cmTC_0cb72.dir/CMakeCXXCompilerABI.cpp.o -c /afs/crc.nd.edu/user/s/szhu3/loonlocal_intel/linuxbrew/Cellar/cmake/3.11.1/share/cmake/Modules/CMakeCXXCompilerABI.cpp]
  ignore line: [Linking CXX executable cmTC_0cb72]
  ignore line: [/afs/crc.nd.edu/user/s/szhu3/loonlocal_intel/linuxbrew/Cellar/cmake/3.11.1/bin/cmake -E cmake_link_script CMakeFiles/cmTC_0cb72.dir/link.txt --verbose=1]
  ignore line: [/afs/crc.nd.edu/user/s/szhu3/loonlocal_intel/linuxbrew/bin/c++      -v CMakeFiles/cmTC_0cb72.dir/CMakeCXXCompilerABI.cpp.o  -o cmTC_0cb72 ]
  ignore line: [Reading specs from /afs/crc.nd.edu/user/s/szhu3/loonlocal_intel/linuxbrew/Cellar/gcc/5.5.0_4/bin/../lib/gcc/x86_64-unknown-linux-gnu/5.5.0/specs]
  ignore line: [COLLECT_GCC=/afs/crc.nd.edu/user/s/szhu3/loonlocal_intel/linuxbrew/bin/c++]
  ignore line: [COLLECT_LTO_WRAPPER=/afs/crc.nd.edu/user/s/szhu3/loonlocal_intel/linuxbrew/Cellar/gcc/5.5.0_4/bin/../libexec/gcc/x86_64-unknown-linux-gnu/5.5.0/lto-wrapper]
  ignore line: [Target: x86_64-unknown-linux-gnu]
  ignore line: [Configured with: ../configure --with-isl=/home/linuxbrew/.linuxbrew/opt/isl@0.18 --with-bugurl=https://github.com/Linuxbrew/homebrew-core/issues --prefix=/home/linuxbrew/.linuxbrew/Cellar/gcc/5.5.0_4 --enable-languages=c,c++,objc,obj-c++,fortran --program-suffix=-5 --with-gmp=/home/linuxbrew/.linuxbrew/opt/gmp --with-mpfr=/home/linuxbrew/.linuxbrew/opt/mpfr --with-mpc=/home/linuxbrew/.linuxbrew/opt/libmpc --enable-stage1-checking --enable-checking=release --enable-lto --with-build-config=bootstrap-debug --disable-werror --with-pkgversion='Homebrew gcc 5.5.0_4' --with-boot-ldflags='-static-libstdc++ -static-libgcc ' --disable-nls --disable-multilib]
  ignore line: [Thread model: posix]
  ignore line: [gcc version 5.5.0 (Homebrew gcc 5.5.0_4) ]
  ignore line: [COMPILER_PATH=/afs/crc.nd.edu/user/s/szhu3/loonlocal_intel/linuxbrew/Cellar/gcc/5.5.0_4/bin/../libexec/gcc/x86_64-unknown-linux-gnu/5.5.0/:/afs/crc.nd.edu/user/s/szhu3/loonlocal_intel/linuxbrew/Cellar/gcc/5.5.0_4/bin/../libexec/gcc/]
  ignore line: [LIBRARY_PATH=/afs/crc.nd.edu/user/s/szhu3/loonlocal_intel/linuxbrew/Cellar/gcc/5.5.0_4/bin/../lib/gcc/x86_64-unknown-linux-gnu/5.5.0/:/afs/crc.nd.edu/user/s/szhu3/loonlocal_intel/linuxbrew/Cellar/gcc/5.5.0_4/bin/../lib/gcc/:/afs/crc.nd.edu/user/s/szhu3/loonlocal_intel/linuxbrew/Cellar/gcc/5.5.0_4/bin/../lib/gcc/x86_64-unknown-linux-gnu/5.5.0/../../../:/lib/:/usr/lib/]
  ignore line: [COLLECT_GCC_OPTIONS='-v' '-o' 'cmTC_0cb72' '-shared-libgcc' '-mtune=generic' '-march=x86-64']
  link line: [ /afs/crc.nd.edu/user/s/szhu3/loonlocal_intel/linuxbrew/Cellar/gcc/5.5.0_4/bin/../libexec/gcc/x86_64-unknown-linux-gnu/5.5.0/collect2 -plugin /afs/crc.nd.edu/user/s/szhu3/loonlocal_intel/linuxbrew/Cellar/gcc/5.5.0_4/bin/../libexec/gcc/x86_64-unknown-linux-gnu/5.5.0/liblto_plugin.so -plugin-opt=/afs/crc.nd.edu/user/s/szhu3/loonlocal_intel/linuxbrew/Cellar/gcc/5.5.0_4/bin/../libexec/gcc/x86_64-unknown-linux-gnu/5.5.0/lto-wrapper -plugin-opt=-fresolution=/tmp/ccAJHvzb.res -plugin-opt=-pass-through=-lgcc_s -plugin-opt=-pass-through=-lgcc -plugin-opt=-pass-through=-lc -plugin-opt=-pass-through=-lgcc_s -plugin-opt=-pass-through=-lgcc --eh-frame-hdr -m elf_x86_64 -dynamic-linker /lib64/ld-linux-x86-64.so.2 --dynamic-linker /afs/crc.nd.edu/user/s/szhu3/loonlocal_intel/linuxbrew/lib/ld.so -rpath /afs/crc.nd.edu/user/s/szhu3/loonlocal_intel/linuxbrew/lib -o cmTC_0cb72 /afs/crc.nd.edu/user/s/szhu3/loonlocal_intel/linuxbrew/Cellar/gcc/5.5.0_4/bin/../lib/gcc/x86_64-unknown-linux-gnu/5.5.0/crt1.o /afs/crc.nd.edu/user/s/szhu3/loonlocal_intel/linuxbrew/Cellar/gcc/5.5.0_4/bin/../lib/gcc/x86_64-unknown-linux-gnu/5.5.0/crti.o /afs/crc.nd.edu/user/s/szhu3/loonlocal_intel/linuxbrew/Cellar/gcc/5.5.0_4/bin/../lib/gcc/x86_64-unknown-linux-gnu/5.5.0/crtbegin.o -nostdlib -L/afs/crc.nd.edu/user/s/szhu3/loonlocal_intel/linuxbrew/Cellar/gcc/5.5.0_4/bin/../lib/gcc/x86_64-unknown-linux-gnu/5.5.0 -L/afs/crc.nd.edu/user/s/szhu3/loonlocal_intel/linuxbrew/lib CMakeFiles/cmTC_0cb72.dir/CMakeCXXCompilerABI.cpp.o -lstdc++ -lm -lgcc_s -lgcc -lc -lgcc_s -lgcc /afs/crc.nd.edu/user/s/szhu3/loonlocal_intel/linuxbrew/Cellar/gcc/5.5.0_4/bin/../lib/gcc/x86_64-unknown-linux-gnu/5.5.0/crtend.o /afs/crc.nd.edu/user/s/szhu3/loonlocal_intel/linuxbrew/Cellar/gcc/5.5.0_4/bin/../lib/gcc/x86_64-unknown-linux-gnu/5.5.0/crtn.o]
    arg [/afs/crc.nd.edu/user/s/szhu3/loonlocal_intel/linuxbrew/Cellar/gcc/5.5.0_4/bin/../libexec/gcc/x86_64-unknown-linux-gnu/5.5.0/collect2] ==> ignore
    arg [-plugin] ==> ignore
    arg [/afs/crc.nd.edu/user/s/szhu3/loonlocal_intel/linuxbrew/Cellar/gcc/5.5.0_4/bin/../libexec/gcc/x86_64-unknown-linux-gnu/5.5.0/liblto_plugin.so] ==> ignore
    arg [-plugin-opt=/afs/crc.nd.edu/user/s/szhu3/loonlocal_intel/linuxbrew/Cellar/gcc/5.5.0_4/bin/../libexec/gcc/x86_64-unknown-linux-gnu/5.5.0/lto-wrapper] ==> ignore
    arg [-plugin-opt=-fresolution=/tmp/ccAJHvzb.res] ==> ignore
    arg [-plugin-opt=-pass-through=-lgcc_s] ==> ignore
    arg [-plugin-opt=-pass-through=-lgcc] ==> ignore
    arg [-plugin-opt=-pass-through=-lc] ==> ignore
    arg [-plugin-opt=-pass-through=-lgcc_s] ==> ignore
    arg [-plugin-opt=-pass-through=-lgcc] ==> ignore
    arg [--eh-frame-hdr] ==> ignore
    arg [-m] ==> ignore
    arg [elf_x86_64] ==> ignore
    arg [-dynamic-linker] ==> ignore
    arg [/lib64/ld-linux-x86-64.so.2] ==> ignore
    arg [--dynamic-linker] ==> ignore
    arg [/afs/crc.nd.edu/user/s/szhu3/loonlocal_intel/linuxbrew/lib/ld.so] ==> ignore
    arg [-rpath] ==> ignore
    arg [/afs/crc.nd.edu/user/s/szhu3/loonlocal_intel/linuxbrew/lib] ==> ignore
    arg [-o] ==> ignore
    arg [cmTC_0cb72] ==> ignore
    arg [/afs/crc.nd.edu/user/s/szhu3/loonlocal_intel/linuxbrew/Cellar/gcc/5.5.0_4/bin/../lib/gcc/x86_64-unknown-linux-gnu/5.5.0/crt1.o] ==> ignore
    arg [/afs/crc.nd.edu/user/s/szhu3/loonlocal_intel/linuxbrew/Cellar/gcc/5.5.0_4/bin/../lib/gcc/x86_64-unknown-linux-gnu/5.5.0/crti.o] ==> ignore
    arg [/afs/crc.nd.edu/user/s/szhu3/loonlocal_intel/linuxbrew/Cellar/gcc/5.5.0_4/bin/../lib/gcc/x86_64-unknown-linux-gnu/5.5.0/crtbegin.o] ==> ignore
    arg [-nostdlib] ==> ignore
    arg [-L/afs/crc.nd.edu/user/s/szhu3/loonlocal_intel/linuxbrew/Cellar/gcc/5.5.0_4/bin/../lib/gcc/x86_64-unknown-linux-gnu/5.5.0] ==> dir [/afs/crc.nd.edu/user/s/szhu3/loonlocal_intel/linuxbrew/Cellar/gcc/5.5.0_4/bin/../lib/gcc/x86_64-unknown-linux-gnu/5.5.0]
    arg [-L/afs/crc.nd.edu/user/s/szhu3/loonlocal_intel/linuxbrew/lib] ==> dir [/afs/crc.nd.edu/user/s/szhu3/loonlocal_intel/linuxbrew/lib]
    arg [CMakeFiles/cmTC_0cb72.dir/CMakeCXXCompilerABI.cpp.o] ==> ignore
    arg [-lstdc++] ==> lib [stdc++]
    arg [-lm] ==> lib [m]
    arg [-lgcc_s] ==> lib [gcc_s]
    arg [-lgcc] ==> lib [gcc]
    arg [-lc] ==> lib [c]
    arg [-lgcc_s] ==> lib [gcc_s]
    arg [-lgcc] ==> lib [gcc]
    arg [/afs/crc.nd.edu/user/s/szhu3/loonlocal_intel/linuxbrew/Cellar/gcc/5.5.0_4/bin/../lib/gcc/x86_64-unknown-linux-gnu/5.5.0/crtend.o] ==> ignore
    arg [/afs/crc.nd.edu/user/s/szhu3/loonlocal_intel/linuxbrew/Cellar/gcc/5.5.0_4/bin/../lib/gcc/x86_64-unknown-linux-gnu/5.5.0/crtn.o] ==> ignore
  collapse library dir [/afs/crc.nd.edu/user/s/szhu3/loonlocal_intel/linuxbrew/Cellar/gcc/5.5.0_4/bin/../lib/gcc/x86_64-unknown-linux-gnu/5.5.0] ==> [/afs/crc.nd.edu/user/s/szhu3/loonlocal_intel/linuxbrew/Cellar/gcc/5.5.0_4/lib/gcc/x86_64-unknown-linux-gnu/5.5.0]
  collapse library dir [/afs/crc.nd.edu/user/s/szhu3/loonlocal_intel/linuxbrew/lib] ==> [/afs/crc.nd.edu/user/s/szhu3/loonlocal_intel/linuxbrew/lib]
  implicit libs: [stdc++;m;gcc_s;gcc;c;gcc_s;gcc]
  implicit dirs: [/afs/crc.nd.edu/user/s/szhu3/loonlocal_intel/linuxbrew/Cellar/gcc/5.5.0_4/lib/gcc/x86_64-unknown-linux-gnu/5.5.0;/afs/crc.nd.edu/user/s/szhu3/loonlocal_intel/linuxbrew/lib]
  implicit fwks: []




Detecting CXX [-std=c++1z] compiler features compiled with the following output:
Change Dir: /afs/crc.nd.edu/user/s/szhu3/Private/github/UTbioinf/SMSC/build/CMakeFiles/CMakeTmp

Run Build Command:"/usr/bin/gmake" "cmTC_608c9/fast"
/usr/bin/gmake -f CMakeFiles/cmTC_608c9.dir/build.make CMakeFiles/cmTC_608c9.dir/build
gmake[1]: Entering directory `/afs/crc.nd.edu/user/s/szhu3/Private/github/UTbioinf/SMSC/build/CMakeFiles/CMakeTmp'
Building CXX object CMakeFiles/cmTC_608c9.dir/feature_tests.cxx.o
/afs/crc.nd.edu/user/s/szhu3/loonlocal_intel/linuxbrew/bin/c++    -std=c++1z -o CMakeFiles/cmTC_608c9.dir/feature_tests.cxx.o -c /afs/crc.nd.edu/user/s/szhu3/Private/github/UTbioinf/SMSC/build/CMakeFiles/feature_tests.cxx
Linking CXX executable cmTC_608c9
/afs/crc.nd.edu/user/s/szhu3/loonlocal_intel/linuxbrew/Cellar/cmake/3.11.1/bin/cmake -E cmake_link_script CMakeFiles/cmTC_608c9.dir/link.txt --verbose=1
/afs/crc.nd.edu/user/s/szhu3/loonlocal_intel/linuxbrew/bin/c++       CMakeFiles/cmTC_608c9.dir/feature_tests.cxx.o  -o cmTC_608c9 
gmake[1]: Leaving directory `/afs/crc.nd.edu/user/s/szhu3/Private/github/UTbioinf/SMSC/build/CMakeFiles/CMakeTmp'


    Feature record: CXX_FEATURE:1cxx_aggregate_default_initializers
    Feature record: CXX_FEATURE:1cxx_alias_templates
    Feature record: CXX_FEATURE:1cxx_alignas
    Feature record: CXX_FEATURE:1cxx_alignof
    Feature record: CXX_FEATURE:1cxx_attributes
    Feature record: CXX_FEATURE:1cxx_attribute_deprecated
    Feature record: CXX_FEATURE:1cxx_auto_type
    Feature record: CXX_FEATURE:1cxx_binary_literals
    Feature record: CXX_FEATURE:1cxx_constexpr
    Feature record: CXX_FEATURE:1cxx_contextual_conversions
    Feature record: CXX_FEATURE:1cxx_decltype
    Feature record: CXX_FEATURE:1cxx_decltype_auto
    Feature record: CXX_FEATURE:1cxx_decltype_incomplete_return_types
    Feature record: CXX_FEATURE:1cxx_default_function_template_args
    Feature record: CXX_FEATURE:1cxx_defaulted_functions
    Feature record: CXX_FEATURE:1cxx_defaulted_move_initializers
    Feature record: CXX_FEATURE:1cxx_delegating_constructors
    Feature record: CXX_FEATURE:1cxx_deleted_functions
    Feature record: CXX_FEATURE:1cxx_digit_separators
    Feature record: CXX_FEATURE:1cxx_enum_forward_declarations
    Feature record: CXX_FEATURE:1cxx_explicit_conversions
    Feature record: CXX_FEATURE:1cxx_extended_friend_declarations
    Feature record: CXX_FEATURE:1cxx_extern_templates
    Feature record: CXX_FEATURE:1cxx_final
    Feature record: CXX_FEATURE:1cxx_func_identifier
    Feature record: CXX_FEATURE:1cxx_generalized_initializers
    Feature record: CXX_FEATURE:1cxx_generic_lambdas
    Feature record: CXX_FEATURE:1cxx_inheriting_constructors
    Feature record: CXX_FEATURE:1cxx_inline_namespaces
    Feature record: CXX_FEATURE:1cxx_lambdas
    Feature record: CXX_FEATURE:1cxx_lambda_init_captures
    Feature record: CXX_FEATURE:1cxx_local_type_template_args
    Feature record: CXX_FEATURE:1cxx_long_long_type
    Feature record: CXX_FEATURE:1cxx_noexcept
    Feature record: CXX_FEATURE:1cxx_nonstatic_member_init
    Feature record: CXX_FEATURE:1cxx_nullptr
    Feature record: CXX_FEATURE:1cxx_override
    Feature record: CXX_FEATURE:1cxx_range_for
    Feature record: CXX_FEATURE:1cxx_raw_string_literals
    Feature record: CXX_FEATURE:1cxx_reference_qualified_functions
    Feature record: CXX_FEATURE:1cxx_relaxed_constexpr
    Feature record: CXX_FEATURE:1cxx_return_type_deduction
    Feature record: CXX_FEATURE:1cxx_right_angle_brackets
    Feature record: CXX_FEATURE:1cxx_rvalue_references
    Feature record: CXX_FEATURE:1cxx_sizeof_member
    Feature record: CXX_FEATURE:1cxx_static_assert
    Feature record: CXX_FEATURE:1cxx_strong_enums
    Feature record: CXX_FEATURE:1cxx_template_template_parameters
    Feature record: CXX_FEATURE:1cxx_thread_local
    Feature record: CXX_FEATURE:1cxx_trailing_return_types
    Feature record: CXX_FEATURE:1cxx_unicode_literals
    Feature record: CXX_FEATURE:1cxx_uniform_initialization
    Feature record: CXX_FEATURE:1cxx_unrestricted_unions
    Feature record: CXX_FEATURE:1cxx_user_literals
    Feature record: CXX_FEATURE:1cxx_variable_templates
    Feature record: CXX_FEATURE:1cxx_variadic_macros
    Feature record: CXX_FEATURE:1cxx_variadic_templates


Detecting CXX [-std=c++14] compiler features compiled with the following output:
Change Dir: /afs/crc.nd.edu/user/s/szhu3/Private/github/UTbioinf/SMSC/build/CMakeFiles/CMakeTmp

Run Build Command:"/usr/bin/gmake" "cmTC_e8e49/fast"
/usr/bin/gmake -f CMakeFiles/cmTC_e8e49.dir/build.make CMakeFiles/cmTC_e8e49.dir/build
gmake[1]: Entering directory `/afs/crc.nd.edu/user/s/szhu3/Private/github/UTbioinf/SMSC/build/CMakeFiles/CMakeTmp'
Building CXX object CMakeFiles/cmTC_e8e49.dir/feature_tests.cxx.o
/afs/crc.nd.edu/user/s/szhu3/loonlocal_intel/linuxbrew/bin/c++    -std=c++14 -o CMakeFiles/cmTC_e8e49.dir/feature_tests.cxx.o -c /afs/crc.nd.edu/user/s/szhu3/Private/github/UTbioinf/SMSC/build/CMakeFiles/feature_tests.cxx
Linking CXX executable cmTC_e8e49
/afs/crc.nd.edu/user/s/szhu3/loonlocal_intel/linuxbrew/Cellar/cmake/3.11.1/bin/cmake -E cmake_link_script CMakeFiles/cmTC_e8e49.dir/link.txt --verbose=1
/afs/crc.nd.edu/user/s/szhu3/loonlocal_intel/linuxbrew/bin/c++       CMakeFiles/cmTC_e8e49.dir/feature_tests.cxx.o  -o cmTC_e8e49 
gmake[1]: Leaving directory `/afs/crc.nd.edu/user/s/szhu3/Private/github/UTbioinf/SMSC/build/CMakeFiles/CMakeTmp'


    Feature record: CXX_FEATURE:1cxx_aggregate_default_initializers
    Feature record: CXX_FEATURE:1cxx_alias_templates
    Feature record: CXX_FEATURE:1cxx_alignas
    Feature record: CXX_FEATURE:1cxx_alignof
    Feature record: CXX_FEATURE:1cxx_attributes
    Feature record: CXX_FEATURE:1cxx_attribute_deprecated
    Feature record: CXX_FEATURE:1cxx_auto_type
    Feature record: CXX_FEATURE:1cxx_binary_literals
    Feature record: CXX_FEATURE:1cxx_constexpr
    Feature record: CXX_FEATURE:1cxx_contextual_conversions
    Feature record: CXX_FEATURE:1cxx_decltype
    Feature record: CXX_FEATURE:1cxx_decltype_auto
    Feature record: CXX_FEATURE:1cxx_decltype_incomplete_return_types
    Feature record: CXX_FEATURE:1cxx_default_function_template_args
    Feature record: CXX_FEATURE:1cxx_defaulted_functions
    Feature record: CXX_FEATURE:1cxx_defaulted_move_initializers
    Feature record: CXX_FEATURE:1cxx_delegating_constructors
    Feature record: CXX_FEATURE:1cxx_deleted_functions
    Feature record: CXX_FEATURE:1cxx_digit_separators
    Feature record: CXX_FEATURE:1cxx_enum_forward_declarations
    Feature record: CXX_FEATURE:1cxx_explicit_conversions
    Feature record: CXX_FEATURE:1cxx_extended_friend_declarations
    Feature record: CXX_FEATURE:1cxx_extern_templates
    Feature record: CXX_FEATURE:1cxx_final
    Feature record: CXX_FEATURE:1cxx_func_identifier
    Feature record: CXX_FEATURE:1cxx_generalized_initializers
    Feature record: CXX_FEATURE:1cxx_generic_lambdas
    Feature record: CXX_FEATURE:1cxx_inheriting_constructors
    Feature record: CXX_FEATURE:1cxx_inline_namespaces
    Feature record: CXX_FEATURE:1cxx_lambdas
    Feature record: CXX_FEATURE:1cxx_lambda_init_captures
    Feature record: CXX_FEATURE:1cxx_local_type_template_args
    Feature record: CXX_FEATURE:1cxx_long_long_type
    Feature record: CXX_FEATURE:1cxx_noexcept
    Feature record: CXX_FEATURE:1cxx_nonstatic_member_init
    Feature record: CXX_FEATURE:1cxx_nullptr
    Feature record: CXX_FEATURE:1cxx_override
    Feature record: CXX_FEATURE:1cxx_range_for
    Feature record: CXX_FEATURE:1cxx_raw_string_literals
    Feature record: CXX_FEATURE:1cxx_reference_qualified_functions
    Feature record: CXX_FEATURE:1cxx_relaxed_constexpr
    Feature record: CXX_FEATURE:1cxx_return_type_deduction
    Feature record: CXX_FEATURE:1cxx_right_angle_brackets
    Feature record: CXX_FEATURE:1cxx_rvalue_references
    Feature record: CXX_FEATURE:1cxx_sizeof_member
    Feature record: CXX_FEATURE:1cxx_static_assert
    Feature record: CXX_FEATURE:1cxx_strong_enums
    Feature record: CXX_FEATURE:1cxx_template_template_parameters
    Feature record: CXX_FEATURE:1cxx_thread_local
    Feature record: CXX_FEATURE:1cxx_trailing_return_types
    Feature record: CXX_FEATURE:1cxx_unicode_literals
    Feature record: CXX_FEATURE:1cxx_uniform_initialization
    Feature record: CXX_FEATURE:1cxx_unrestricted_unions
    Feature record: CXX_FEATURE:1cxx_user_literals
    Feature record: CXX_FEATURE:1cxx_variable_templates
    Feature record: CXX_FEATURE:1cxx_variadic_macros
    Feature record: CXX_FEATURE:1cxx_variadic_templates


Detecting CXX [-std=c++11] compiler features compiled with the following output:
Change Dir: /afs/crc.nd.edu/user/s/szhu3/Private/github/UTbioinf/SMSC/build/CMakeFiles/CMakeTmp

Run Build Command:"/usr/bin/gmake" "cmTC_30392/fast"
/usr/bin/gmake -f CMakeFiles/cmTC_30392.dir/build.make CMakeFiles/cmTC_30392.dir/build
gmake[1]: Entering directory `/afs/crc.nd.edu/user/s/szhu3/Private/github/UTbioinf/SMSC/build/CMakeFiles/CMakeTmp'
Building CXX object CMakeFiles/cmTC_30392.dir/feature_tests.cxx.o
/afs/crc.nd.edu/user/s/szhu3/loonlocal_intel/linuxbrew/bin/c++    -std=c++11 -o CMakeFiles/cmTC_30392.dir/feature_tests.cxx.o -c /afs/crc.nd.edu/user/s/szhu3/Private/github/UTbioinf/SMSC/build/CMakeFiles/feature_tests.cxx
Linking CXX executable cmTC_30392
/afs/crc.nd.edu/user/s/szhu3/loonlocal_intel/linuxbrew/Cellar/cmake/3.11.1/bin/cmake -E cmake_link_script CMakeFiles/cmTC_30392.dir/link.txt --verbose=1
/afs/crc.nd.edu/user/s/szhu3/loonlocal_intel/linuxbrew/bin/c++       CMakeFiles/cmTC_30392.dir/feature_tests.cxx.o  -o cmTC_30392 
gmake[1]: Leaving directory `/afs/crc.nd.edu/user/s/szhu3/Private/github/UTbioinf/SMSC/build/CMakeFiles/CMakeTmp'


    Feature record: CXX_FEATURE:0cxx_aggregate_default_initializers
    Feature record: CXX_FEATURE:1cxx_alias_templates
    Feature record: CXX_FEATURE:1cxx_alignas
    Feature record: CXX_FEATURE:1cxx_alignof
    Feature record: CXX_FEATURE:1cxx_attributes
    Feature record: CXX_FEATURE:0cxx_attribute_deprecated
    Feature record: CXX_FEATURE:1cxx_auto_type
    Feature record: CXX_FEATURE:0cxx_binary_literals
    Feature record: CXX_FEATURE:1cxx_constexpr
    Feature record: CXX_FEATURE:0cxx_contextual_conversions
    Feature record: CXX_FEATURE:1cxx_decltype
    Feature record: CXX_FEATURE:0cxx_decltype_auto
    Feature record: CXX_FEATURE:1cxx_decltype_incomplete_return_types
    Feature record: CXX_FEATURE:1cxx_default_function_template_args
    Feature record: CXX_FEATURE:1cxx_defaulted_functions
    Feature record: CXX_FEATURE:1cxx_defaulted_move_initializers
    Feature record: CXX_FEATURE:1cxx_delegating_constructors
    Feature record: CXX_FEATURE:1cxx_deleted_functions
    Feature record: CXX_FEATURE:0cxx_digit_separators
    Feature record: CXX_FEATURE:1cxx_enum_forward_declarations
    Feature record: CXX_FEATURE:1cxx_explicit_conversions
    Feature record: CXX_FEATURE:1cxx_extended_friend_declarations
    Feature record: CXX_FEATURE:1cxx_extern_templates
    Feature record: CXX_FEATURE:1cxx_final
    Feature record: CXX_FEATURE:1cxx_func_identifier
    Feature record: CXX_FEATURE:1cxx_generalized_initializers
    Feature record: CXX_FEATURE:0cxx_generic_lambdas
    Feature record: CXX_FEATURE:1cxx_inheriting_constructors
    Feature record: CXX_FEATURE:1cxx_inline_namespaces
    Feature record: CXX_FEATURE:1cxx_lambdas
    Feature record: CXX_FEATURE:0cxx_lambda_init_captures
    Feature record: CXX_FEATURE:1cxx_local_type_template_args
    Feature record: CXX_FEATURE:1cxx_long_long_type
    Feature record: CXX_FEATURE:1cxx_noexcept
    Feature record: CXX_FEATURE:1cxx_nonstatic_member_init
    Feature record: CXX_FEATURE:1cxx_nullptr
    Feature record: CXX_FEATURE:1cxx_override
    Feature record: CXX_FEATURE:1cxx_range_for
    Feature record: CXX_FEATURE:1cxx_raw_string_literals
    Feature record: CXX_FEATURE:1cxx_reference_qualified_functions
    Feature record: CXX_FEATURE:0cxx_relaxed_constexpr
    Feature record: CXX_FEATURE:0cxx_return_type_deduction
    Feature record: CXX_FEATURE:1cxx_right_angle_brackets
    Feature record: CXX_FEATURE:1cxx_rvalue_references
    Feature record: CXX_FEATURE:1cxx_sizeof_member
    Feature record: CXX_FEATURE:1cxx_static_assert
    Feature record: CXX_FEATURE:1cxx_strong_enums
    Feature record: CXX_FEATURE:1cxx_template_template_parameters
    Feature record: CXX_FEATURE:1cxx_thread_local
    Feature record: CXX_FEATURE:1cxx_trailing_return_types
    Feature record: CXX_FEATURE:1cxx_unicode_literals
    Feature record: CXX_FEATURE:1cxx_uniform_initialization
    Feature record: CXX_FEATURE:1cxx_unrestricted_unions
    Feature record: CXX_FEATURE:1cxx_user_literals
    Feature record: CXX_FEATURE:0cxx_variable_templates
    Feature record: CXX_FEATURE:1cxx_variadic_macros
    Feature record: CXX_FEATURE:1cxx_variadic_templates


Detecting CXX [-std=c++98] compiler features compiled with the following output:
Change Dir: /afs/crc.nd.edu/user/s/szhu3/Private/github/UTbioinf/SMSC/build/CMakeFiles/CMakeTmp

Run Build Command:"/usr/bin/gmake" "cmTC_b6752/fast"
/usr/bin/gmake -f CMakeFiles/cmTC_b6752.dir/build.make CMakeFiles/cmTC_b6752.dir/build
gmake[1]: Entering directory `/afs/crc.nd.edu/user/s/szhu3/Private/github/UTbioinf/SMSC/build/CMakeFiles/CMakeTmp'
Building CXX object CMakeFiles/cmTC_b6752.dir/feature_tests.cxx.o
/afs/crc.nd.edu/user/s/szhu3/loonlocal_intel/linuxbrew/bin/c++    -std=c++98 -o CMakeFiles/cmTC_b6752.dir/feature_tests.cxx.o -c /afs/crc.nd.edu/user/s/szhu3/Private/github/UTbioinf/SMSC/build/CMakeFiles/feature_tests.cxx
Linking CXX executable cmTC_b6752
/afs/crc.nd.edu/user/s/szhu3/loonlocal_intel/linuxbrew/Cellar/cmake/3.11.1/bin/cmake -E cmake_link_script CMakeFiles/cmTC_b6752.dir/link.txt --verbose=1
/afs/crc.nd.edu/user/s/szhu3/loonlocal_intel/linuxbrew/bin/c++       CMakeFiles/cmTC_b6752.dir/feature_tests.cxx.o  -o cmTC_b6752 
gmake[1]: Leaving directory `/afs/crc.nd.edu/user/s/szhu3/Private/github/UTbioinf/SMSC/build/CMakeFiles/CMakeTmp'


    Feature record: CXX_FEATURE:0cxx_aggregate_default_initializers
    Feature record: CXX_FEATURE:0cxx_alias_templates
    Feature record: CXX_FEATURE:0cxx_alignas
    Feature record: CXX_FEATURE:0cxx_alignof
    Feature record: CXX_FEATURE:0cxx_attributes
    Feature record: CXX_FEATURE:0cxx_attribute_deprecated
    Feature record: CXX_FEATURE:0cxx_auto_type
    Feature record: CXX_FEATURE:0cxx_binary_literals
    Feature record: CXX_FEATURE:0cxx_constexpr
    Feature record: CXX_FEATURE:0cxx_contextual_conversions
    Feature record: CXX_FEATURE:0cxx_decltype
    Feature record: CXX_FEATURE:0cxx_decltype_auto
    Feature record: CXX_FEATURE:0cxx_decltype_incomplete_return_types
    Feature record: CXX_FEATURE:0cxx_default_function_template_args
    Feature record: CXX_FEATURE:0cxx_defaulted_functions
    Feature record: CXX_FEATURE:0cxx_defaulted_move_initializers
    Feature record: CXX_FEATURE:0cxx_delegating_constructors
    Feature record: CXX_FEATURE:0cxx_deleted_functions
    Feature record: CXX_FEATURE:0cxx_digit_separators
    Feature record: CXX_FEATURE:0cxx_enum_forward_declarations
    Feature record: CXX_FEATURE:0cxx_explicit_conversions
    Feature record: CXX_FEATURE:0cxx_extended_friend_declarations
    Feature record: CXX_FEATURE:0cxx_extern_templates
    Feature record: CXX_FEATURE:0cxx_final
    Feature record: CXX_FEATURE:0cxx_func_identifier
    Feature record: CXX_FEATURE:0cxx_generalized_initializers
    Feature record: CXX_FEATURE:0cxx_generic_lambdas
    Feature record: CXX_FEATURE:0cxx_inheriting_constructors
    Feature record: CXX_FEATURE:0cxx_inline_namespaces
    Feature record: CXX_FEATURE:0cxx_lambdas
    Feature record: CXX_FEATURE:0cxx_lambda_init_captures
    Feature record: CXX_FEATURE:0cxx_local_type_template_args
    Feature record: CXX_FEATURE:0cxx_long_long_type
    Feature record: CXX_FEATURE:0cxx_noexcept
    Feature record: CXX_FEATURE:0cxx_nonstatic_member_init
    Feature record: CXX_FEATURE:0cxx_nullptr
    Feature record: CXX_FEATURE:0cxx_override
    Feature record: CXX_FEATURE:0cxx_range_for
    Feature record: CXX_FEATURE:0cxx_raw_string_literals
    Feature record: CXX_FEATURE:0cxx_reference_qualified_functions
    Feature record: CXX_FEATURE:0cxx_relaxed_constexpr
    Feature record: CXX_FEATURE:0cxx_return_type_deduction
    Feature record: CXX_FEATURE:0cxx_right_angle_brackets
    Feature record: CXX_FEATURE:0cxx_rvalue_references
    Feature record: CXX_FEATURE:0cxx_sizeof_member
    Feature record: CXX_FEATURE:0cxx_static_assert
    Feature record: CXX_FEATURE:0cxx_strong_enums
    Feature record: CXX_FEATURE:1cxx_template_template_parameters
    Feature record: CXX_FEATURE:0cxx_thread_local
    Feature record: CXX_FEATURE:0cxx_trailing_return_types
    Feature record: CXX_FEATURE:0cxx_unicode_literals
    Feature record: CXX_FEATURE:0cxx_uniform_initialization
    Feature record: CXX_FEATURE:0cxx_unrestricted_unions
    Feature record: CXX_FEATURE:0cxx_user_literals
    Feature record: CXX_FEATURE:0cxx_variable_templates
    Feature record: CXX_FEATURE:0cxx_variadic_macros
    Feature record: CXX_FEATURE:0cxx_variadic_templates
