Determining if the pthread_create exist failed with the following output:
Change Dir: /home/loon/Loon/github/UTbioinf/SMSC/depends/build_lemon/CMakeFiles/CMakeTmp

Run Build Command:"/usr/bin/make" "cmTC_c3e28/fast"
/usr/bin/make -f CMakeFiles/cmTC_c3e28.dir/build.make CMakeFiles/cmTC_c3e28.dir/build
make[1]: Entering directory '/home/loon/Loon/github/UTbioinf/SMSC/depends/build_lemon/CMakeFiles/CMakeTmp'
Building C object CMakeFiles/cmTC_c3e28.dir/CheckSymbolExists.c.o
/usr/bin/cc    -o CMakeFiles/cmTC_c3e28.dir/CheckSymbolExists.c.o   -c /home/loon/Loon/github/UTbioinf/SMSC/depends/build_lemon/CMakeFiles/CMakeTmp/CheckSymbolExists.c
Linking C executable cmTC_c3e28
/home/loon/.linuxbrew/Cellar/cmake/3.11.2/bin/cmake -E cmake_link_script CMakeFiles/cmTC_c3e28.dir/link.txt --verbose=1
/usr/bin/cc      -rdynamic CMakeFiles/cmTC_c3e28.dir/CheckSymbolExists.c.o  -o cmTC_c3e28 
CMakeFiles/cmTC_c3e28.dir/CheckSymbolExists.c.o: In function `main':
CheckSymbolExists.c:(.text+0x1b): undefined reference to `pthread_create'
collect2: error: ld returned 1 exit status
CMakeFiles/cmTC_c3e28.dir/build.make:86: recipe for target 'cmTC_c3e28' failed
make[1]: *** [cmTC_c3e28] Error 1
make[1]: Leaving directory '/home/loon/Loon/github/UTbioinf/SMSC/depends/build_lemon/CMakeFiles/CMakeTmp'
Makefile:126: recipe for target 'cmTC_c3e28/fast' failed
make: *** [cmTC_c3e28/fast] Error 2

File /home/loon/Loon/github/UTbioinf/SMSC/depends/build_lemon/CMakeFiles/CMakeTmp/CheckSymbolExists.c:
/* */
#include <pthread.h>

int main(int argc, char** argv)
{
  (void)argv;
#ifndef pthread_create
  return ((int*)(&pthread_create))[argc];
#else
  (void)argc;
  return 0;
#endif
}

Determining if the function pthread_create exists in the pthreads failed with the following output:
Change Dir: /home/loon/Loon/github/UTbioinf/SMSC/depends/build_lemon/CMakeFiles/CMakeTmp

Run Build Command:"/usr/bin/make" "cmTC_c4485/fast"
/usr/bin/make -f CMakeFiles/cmTC_c4485.dir/build.make CMakeFiles/cmTC_c4485.dir/build
make[1]: Entering directory '/home/loon/Loon/github/UTbioinf/SMSC/depends/build_lemon/CMakeFiles/CMakeTmp'
Building C object CMakeFiles/cmTC_c4485.dir/CheckFunctionExists.c.o
/usr/bin/cc   -DCHECK_FUNCTION_EXISTS=pthread_create   -o CMakeFiles/cmTC_c4485.dir/CheckFunctionExists.c.o   -c /home/loon/.linuxbrew/Cellar/cmake/3.11.2/share/cmake/Modules/CheckFunctionExists.c
Linking C executable cmTC_c4485
/home/loon/.linuxbrew/Cellar/cmake/3.11.2/bin/cmake -E cmake_link_script CMakeFiles/cmTC_c4485.dir/link.txt --verbose=1
/usr/bin/cc  -DCHECK_FUNCTION_EXISTS=pthread_create    -rdynamic CMakeFiles/cmTC_c4485.dir/CheckFunctionExists.c.o  -o cmTC_c4485 -lpthreads 
/usr/bin/ld: cannot find -lpthreads
collect2: error: ld returned 1 exit status
CMakeFiles/cmTC_c4485.dir/build.make:86: recipe for target 'cmTC_c4485' failed
make[1]: *** [cmTC_c4485] Error 1
make[1]: Leaving directory '/home/loon/Loon/github/UTbioinf/SMSC/depends/build_lemon/CMakeFiles/CMakeTmp'
Makefile:126: recipe for target 'cmTC_c4485/fast' failed
make: *** [cmTC_c4485/fast] Error 2


